2025-05-31 20:00:00 - INFO - 🚀 Git Sync gestartet
2025-05-31 20:00:00 - ERROR - Fehler bei: git rev-parse --abbrev-ref HEAD
fatal: detected dubious ownership in repository at '/opt/coreflow'
To add an exception for this directory, call:

	git config --global --add safe.directory /opt/coreflow
2025-05-31 20:00:00 - INFO - Aktualisiere von origin/main
2025-05-31 20:00:00 - ERROR - Fehler bei: git fetch origin
fatal: detected dubious ownership in repository at '/opt/coreflow'
To add an exception for this directory, call:

	git config --global --add safe.directory /opt/coreflow
2025-05-31 20:00:00 - ERROR - Fehler bei: git stash push --include-untracked
fatal: detected dubious ownership in repository at '/opt/coreflow'
To add an exception for this directory, call:

	git config --global --add safe.directory /opt/coreflow
2025-05-31 20:00:00 - ERROR - Fehler bei: git rebase origin/main
fatal: detected dubious ownership in repository at '/opt/coreflow'
To add an exception for this directory, call:

	git config --global --add safe.directory /opt/coreflow
2025-05-31 20:00:00 - ERROR - Fehler bei: git stash pop
fatal: detected dubious ownership in repository at '/opt/coreflow'
To add an exception for this directory, call:

	git config --global --add safe.directory /opt/coreflow
2025-05-31 20:00:00 - CRITICAL - 🔥 Kritischer Fehler: 'NoneType' object has no attribute 'strip'
