=== CoreFlow SignalEmitter ===
Redis: 127.0.0.1:6379
Stream: trading_signals
✅ Redis-Verbindung erfolgreich
📤 Stream-Signal gesendet | ID: 1748469841576-0 | Symbol: EURUSD | Aktion: KAUFEN
📤 Stream-Signal gesendet | ID: 1748469841576-1 | Symbol: GBPUSD | Aktion: VERKAUFEN
📤 Stream-Signal gesendet | ID: 1748469841576-2 | Symbol: XAUUSD | Aktion: KAUFEN
=== CoreFlow SignalEmitter ===
Redis: 127.0.0.1:6379
Stream: trading_signals
✅ Redis-Verbindung erfolgreich
📤 Stream-Signal gesendet | ID: 1748469846912-0 | Symbol: EURUSD | Aktion: KAUFEN
📤 Stream-Signal gesendet | ID: 1748469846912-1 | Symbol: GBPUSD | Aktion: VERKAUFEN
📤 Stream-Signal gesendet | ID: 1748469846913-0 | Symbol: XAUUSD | Aktion: KAUFEN
=== CoreFlow SignalEmitter ===
Redis: 127.0.0.1:6379
Stream: trading_signals
✅ Redis-Verbindung erfolgreich
📤 Stream-Signal gesendet | ID: 1748469852153-0 | Symbol: EURUSD | Aktion: KAUFEN
📤 Stream-Signal gesendet | ID: 1748469852154-0 | Symbol: GBPUSD | Aktion: VERKAUFEN
📤 Stream-Signal gesendet | ID: 1748469852154-1 | Symbol: XAUUSD | Aktion: KAUFEN
=== CoreFlow SignalEmitter ===
Redis: 127.0.0.1:6379
Stream: trading_signals
✅ Redis-Verbindung erfolgreich
📤 Stream-Signal gesendet | ID: 1748469857411-0 | Symbol: EURUSD | Aktion: KAUFEN
📤 Stream-Signal gesendet | ID: 1748469857411-1 | Symbol: GBPUSD | Aktion: VERKAUFEN
📤 Stream-Signal gesendet | ID: 1748469857412-0 | Symbol: XAUUSD | Aktion: KAUFEN
=== CoreFlow SignalEmitter ===
Redis: 127.0.0.1:6379
Stream: trading_signals
✅ Redis-Verbindung erfolgreich
📤 Stream-Signal gesendet | ID: 1748469862661-0 | Symbol: EURUSD | Aktion: KAUFEN
📤 Stream-Signal gesendet | ID: 1748469862661-1 | Symbol: GBPUSD | Aktion: VERKAUFEN
📤 Stream-Signal gesendet | ID: 1748469862662-0 | Symbol: XAUUSD | Aktion: KAUFEN
=== CoreFlow SignalEmitter ===
Redis: 127.0.0.1:6379
Stream: trading_signals
✅ Redis-Verbindung erfolgreich
📤 Stream-Signal gesendet | ID: 1748469867910-0 | Symbol: EURUSD | Aktion: KAUFEN
📤 Stream-Signal gesendet | ID: 1748469867910-1 | Symbol: GBPUSD | Aktion: VERKAUFEN
📤 Stream-Signal gesendet | ID: 1748469867910-2 | Symbol: XAUUSD | Aktion: KAUFEN
=== CoreFlow SignalEmitter ===
Redis: 127.0.0.1:6379
Stream: trading_signals
✅ Redis-Verbindung erfolgreich
📤 Stream-Signal gesendet | ID: 1748469873145-0 | Symbol: EURUSD | Aktion: KAUFEN
📤 Stream-Signal gesendet | ID: 1748469873145-1 | Symbol: GBPUSD | Aktion: VERKAUFEN
📤 Stream-Signal gesendet | ID: 1748469873146-0 | Symbol: XAUUSD | Aktion: KAUFEN
=== CoreFlow SignalEmitter ===
Redis: 127.0.0.1:6379
Stream: trading_signals
✅ Redis-Verbindung erfolgreich
📤 Stream-Signal gesendet | ID: 1748469878410-0 | Symbol: EURUSD | Aktion: KAUFEN
📤 Stream-Signal gesendet | ID: 1748469878410-1 | Symbol: GBPUSD | Aktion: VERKAUFEN
📤 Stream-Signal gesendet | ID: 1748469878410-2 | Symbol: XAUUSD | Aktion: KAUFEN
=== CoreFlow SignalEmitter ===
Redis: 127.0.0.1:6379
Stream: trading_signals
✅ Redis-Verbindung erfolgreich
📤 Stream-Signal gesendet | ID: 1748469883670-0 | Symbol: EURUSD | Aktion: KAUFEN
📤 Stream-Signal gesendet | ID: 1748469883670-1 | Symbol: GBPUSD | Aktion: VERKAUFEN
📤 Stream-Signal gesendet | ID: 1748469883671-0 | Symbol: XAUUSD | Aktion: KAUFEN
=== CoreFlow SignalEmitter ===
Redis: 127.0.0.1:6379
Stream: trading_signals
✅ Redis-Verbindung erfolgreich
📤 Stream-Signal gesendet | ID: 1748469888919-0 | Symbol: EURUSD | Aktion: KAUFEN
📤 Stream-Signal gesendet | ID: 1748469888919-1 | Symbol: GBPUSD | Aktion: VERKAUFEN
📤 Stream-Signal gesendet | ID: 1748469888920-0 | Symbol: XAUUSD | Aktion: KAUFEN
=== CoreFlow SignalEmitter ===
Redis: 127.0.0.1:6379
Stream: trading_signals
✅ Redis-Verbindung erfolgreich
📤 Stream-Signal gesendet | ID: 1748469894162-0 | Symbol: EURUSD | Aktion: KAUFEN
📤 Stream-Signal gesendet | ID: 1748469894162-1 | Symbol: GBPUSD | Aktion: VERKAUFEN
📤 Stream-Signal gesendet | ID: 1748469894162-2 | Symbol: XAUUSD | Aktion: KAUFEN
=== CoreFlow SignalEmitter ===
Redis: 127.0.0.1:6379
Stream: trading_signals
✅ Redis-Verbindung erfolgreich
📤 Stream-Signal gesendet | ID: 1748469899410-0 | Symbol: EURUSD | Aktion: KAUFEN
📤 Stream-Signal gesendet | ID: 1748469899411-0 | Symbol: GBPUSD | Aktion: VERKAUFEN
📤 Stream-Signal gesendet | ID: 1748469899411-1 | Symbol: XAUUSD | Aktion: KAUFEN
=== CoreFlow SignalEmitter ===
Redis: 127.0.0.1:6379
Stream: trading_signals
✅ Redis-Verbindung erfolgreich
📤 Stream-Signal gesendet | ID: 1748469904679-0 | Symbol: EURUSD | Aktion: KAUFEN
📤 Stream-Signal gesendet | ID: 1748469904679-1 | Symbol: GBPUSD | Aktion: VERKAUFEN
📤 Stream-Signal gesendet | ID: 1748469904679-2 | Symbol: XAUUSD | Aktion: KAUFEN
=== CoreFlow SignalEmitter ===
Redis: 127.0.0.1:6379
Stream: trading_signals
✅ Redis-Verbindung erfolgreich
📤 Stream-Signal gesendet | ID: 1748469909924-0 | Symbol: EURUSD | Aktion: KAUFEN
📤 Stream-Signal gesendet | ID: 1748469909925-0 | Symbol: GBPUSD | Aktion: VERKAUFEN
📤 Stream-Signal gesendet | ID: 1748469909925-1 | Symbol: XAUUSD | Aktion: KAUFEN
=== CoreFlow SignalEmitter ===
Redis: 127.0.0.1:6379
Stream: trading_signals
✅ Redis-Verbindung erfolgreich
📤 Stream-Signal gesendet | ID: 1748469915152-0 | Symbol: EURUSD | Aktion: KAUFEN
📤 Stream-Signal gesendet | ID: 1748469915152-1 | Symbol: GBPUSD | Aktion: VERKAUFEN
📤 Stream-Signal gesendet | ID: 1748469915153-0 | Symbol: XAUUSD | Aktion: KAUFEN
=== CoreFlow SignalEmitter ===
Redis: 127.0.0.1:6379
Stream: trading_signals
✅ Redis-Verbindung erfolgreich
📤 Stream-Signal gesendet | ID: 1748469920408-0 | Symbol: EURUSD | Aktion: KAUFEN
📤 Stream-Signal gesendet | ID: 1748469920408-1 | Symbol: GBPUSD | Aktion: VERKAUFEN
📤 Stream-Signal gesendet | ID: 1748469920408-2 | Symbol: XAUUSD | Aktion: KAUFEN
=== CoreFlow SignalEmitter ===
Redis: 127.0.0.1:6379
Stream: trading_signals
✅ Redis-Verbindung erfolgreich
📤 Stream-Signal gesendet | ID: 1748469925669-0 | Symbol: EURUSD | Aktion: KAUFEN
📤 Stream-Signal gesendet | ID: 1748469925669-1 | Symbol: GBPUSD | Aktion: VERKAUFEN
📤 Stream-Signal gesendet | ID: 1748469925670-0 | Symbol: XAUUSD | Aktion: KAUFEN
=== CoreFlow SignalEmitter ===
Redis: 127.0.0.1:6379
Stream: trading_signals
✅ Redis-Verbindung erfolgreich
📤 Stream-Signal gesendet | ID: 1748469930924-0 | Symbol: EURUSD | Aktion: KAUFEN
📤 Stream-Signal gesendet | ID: 1748469930924-1 | Symbol: GBPUSD | Aktion: VERKAUFEN
📤 Stream-Signal gesendet | ID: 1748469930925-0 | Symbol: XAUUSD | Aktion: KAUFEN
=== CoreFlow SignalEmitter ===
Redis: 127.0.0.1:6379
Stream: trading_signals
✅ Redis-Verbindung erfolgreich
📤 Stream-Signal gesendet | ID: 1748469936170-0 | Symbol: EURUSD | Aktion: KAUFEN
📤 Stream-Signal gesendet | ID: 1748469936170-1 | Symbol: GBPUSD | Aktion: VERKAUFEN
📤 Stream-Signal gesendet | ID: 1748469936171-0 | Symbol: XAUUSD | Aktion: KAUFEN
=== CoreFlow SignalEmitter ===
Redis: 127.0.0.1:6379
Stream: trading_signals
✅ Redis-Verbindung erfolgreich
📤 Stream-Signal gesendet | ID: 1748469941421-0 | Symbol: EURUSD | Aktion: KAUFEN
📤 Stream-Signal gesendet | ID: 1748469941422-0 | Symbol: GBPUSD | Aktion: VERKAUFEN
📤 Stream-Signal gesendet | ID: 1748469941422-1 | Symbol: XAUUSD | Aktion: KAUFEN
=== CoreFlow SignalEmitter ===
Redis: 127.0.0.1:6379
Stream: trading_signals
✅ Redis-Verbindung erfolgreich
📤 Stream-Signal gesendet | ID: 1748469946658-0 | Symbol: EURUSD | Aktion: KAUFEN
📤 Stream-Signal gesendet | ID: 1748469946659-0 | Symbol: GBPUSD | Aktion: VERKAUFEN
📤 Stream-Signal gesendet | ID: 1748469946659-1 | Symbol: XAUUSD | Aktion: KAUFEN
=== CoreFlow SignalEmitter ===
Redis: 127.0.0.1:6379
Stream: trading_signals
✅ Redis-Verbindung erfolgreich
📤 Stream-Signal gesendet | ID: 1748469951774-0 | Symbol: EURUSD | Aktion: KAUFEN
📤 Stream-Signal gesendet | ID: 1748469951774-1 | Symbol: GBPUSD | Aktion: VERKAUFEN
📤 Stream-Signal gesendet | ID: 1748469951774-2 | Symbol: XAUUSD | Aktion: KAUFEN
=== CoreFlow SignalEmitter ===
Redis: 127.0.0.1:6379
Stream: trading_signals
✅ Redis-Verbindung erfolgreich
📤 Stream-Signal gesendet | ID: 1748469956899-0 | Symbol: EURUSD | Aktion: KAUFEN
📤 Stream-Signal gesendet | ID: 1748469956900-0 | Symbol: GBPUSD | Aktion: VERKAUFEN
📤 Stream-Signal gesendet | ID: 1748469956900-1 | Symbol: XAUUSD | Aktion: KAUFEN
=== CoreFlow SignalEmitter ===
Redis: 127.0.0.1:6379
Stream: trading_signals
✅ Redis-Verbindung erfolgreich
📤 Stream-Signal gesendet | ID: 1748469962171-0 | Symbol: EURUSD | Aktion: KAUFEN
📤 Stream-Signal gesendet | ID: 1748469962171-1 | Symbol: GBPUSD | Aktion: VERKAUFEN
📤 Stream-Signal gesendet | ID: 1748469962171-2 | Symbol: XAUUSD | Aktion: KAUFEN
=== CoreFlow SignalEmitter ===
Redis: 127.0.0.1:6379
Stream: trading_signals
✅ Redis-Verbindung erfolgreich
📤 Stream-Signal gesendet | ID: 1748469967410-0 | Symbol: EURUSD | Aktion: KAUFEN
📤 Stream-Signal gesendet | ID: 1748469967410-1 | Symbol: GBPUSD | Aktion: VERKAUFEN
📤 Stream-Signal gesendet | ID: 1748469967410-2 | Symbol: XAUUSD | Aktion: KAUFEN
=== CoreFlow SignalEmitter ===
Redis: 127.0.0.1:6379
Stream: trading_signals
✅ Redis-Verbindung erfolgreich
📤 Stream-Signal gesendet | ID: 1748469972671-0 | Symbol: EURUSD | Aktion: KAUFEN
📤 Stream-Signal gesendet | ID: 1748469972671-1 | Symbol: GBPUSD | Aktion: VERKAUFEN
📤 Stream-Signal gesendet | ID: 1748469972671-2 | Symbol: XAUUSD | Aktion: KAUFEN
=== CoreFlow SignalEmitter ===
Redis: 127.0.0.1:6379
Stream: trading_signals
✅ Redis-Verbindung erfolgreich
📤 Stream-Signal gesendet | ID: 1748469977922-0 | Symbol: EURUSD | Aktion: KAUFEN
📤 Stream-Signal gesendet | ID: 1748469977922-1 | Symbol: GBPUSD | Aktion: VERKAUFEN
📤 Stream-Signal gesendet | ID: 1748469977922-2 | Symbol: XAUUSD | Aktion: KAUFEN
=== CoreFlow SignalEmitter ===
Redis: 127.0.0.1:6379
Stream: trading_signals
✅ Redis-Verbindung erfolgreich
📤 Stream-Signal gesendet | ID: 1748469983159-0 | Symbol: EURUSD | Aktion: KAUFEN
📤 Stream-Signal gesendet | ID: 1748469983159-1 | Symbol: GBPUSD | Aktion: VERKAUFEN
📤 Stream-Signal gesendet | ID: 1748469983159-2 | Symbol: XAUUSD | Aktion: KAUFEN
=== CoreFlow SignalEmitter ===
Redis: 127.0.0.1:6379
Stream: trading_signals
✅ Redis-Verbindung erfolgreich
📤 Stream-Signal gesendet | ID: 1748469988406-0 | Symbol: EURUSD | Aktion: KAUFEN
📤 Stream-Signal gesendet | ID: 1748469988407-0 | Symbol: GBPUSD | Aktion: VERKAUFEN
📤 Stream-Signal gesendet | ID: 1748469988407-1 | Symbol: XAUUSD | Aktion: KAUFEN
=== CoreFlow SignalEmitter ===
Redis: 127.0.0.1:6379
Stream: trading_signals
✅ Redis-Verbindung erfolgreich
📤 Stream-Signal gesendet | ID: 1748469993657-0 | Symbol: EURUSD | Aktion: KAUFEN
📤 Stream-Signal gesendet | ID: 1748469993657-1 | Symbol: GBPUSD | Aktion: VERKAUFEN
📤 Stream-Signal gesendet | ID: 1748469993657-2 | Symbol: XAUUSD | Aktion: KAUFEN
=== CoreFlow SignalEmitter ===
Redis: 127.0.0.1:6379
Stream: trading_signals
✅ Redis-Verbindung erfolgreich
📤 Stream-Signal gesendet | ID: 1748469998901-0 | Symbol: EURUSD | Aktion: KAUFEN
📤 Stream-Signal gesendet | ID: 1748469998902-0 | Symbol: GBPUSD | Aktion: VERKAUFEN
📤 Stream-Signal gesendet | ID: 1748469998902-1 | Symbol: XAUUSD | Aktion: KAUFEN
=== CoreFlow SignalEmitter ===
Redis: 127.0.0.1:6379
Stream: trading_signals
✅ Redis-Verbindung erfolgreich
📤 Stream-Signal gesendet | ID: 1748470004158-0 | Symbol: EURUSD | Aktion: KAUFEN
📤 Stream-Signal gesendet | ID: 1748470004158-1 | Symbol: GBPUSD | Aktion: VERKAUFEN
📤 Stream-Signal gesendet | ID: 1748470004158-2 | Symbol: XAUUSD | Aktion: KAUFEN
=== CoreFlow SignalEmitter ===
Redis: 127.0.0.1:6379
Stream: trading_signals
✅ Redis-Verbindung erfolgreich
📤 Stream-Signal gesendet | ID: 1748470009407-0 | Symbol: EURUSD | Aktion: KAUFEN
📤 Stream-Signal gesendet | ID: 1748470009407-1 | Symbol: GBPUSD | Aktion: VERKAUFEN
📤 Stream-Signal gesendet | ID: 1748470009407-2 | Symbol: XAUUSD | Aktion: KAUFEN
=== CoreFlow SignalEmitter ===
Redis: 127.0.0.1:6379
Stream: trading_signals
✅ Redis-Verbindung erfolgreich
📤 Stream-Signal gesendet | ID: 1748470014662-0 | Symbol: EURUSD | Aktion: KAUFEN
📤 Stream-Signal gesendet | ID: 1748470014662-1 | Symbol: GBPUSD | Aktion: VERKAUFEN
📤 Stream-Signal gesendet | ID: 1748470014662-2 | Symbol: XAUUSD | Aktion: KAUFEN
=== CoreFlow SignalEmitter ===
Redis: 127.0.0.1:6379
Stream: trading_signals
✅ Redis-Verbindung erfolgreich
📤 Stream-Signal gesendet | ID: 1748470019911-0 | Symbol: EURUSD | Aktion: KAUFEN
📤 Stream-Signal gesendet | ID: 1748470019912-0 | Symbol: GBPUSD | Aktion: VERKAUFEN
📤 Stream-Signal gesendet | ID: 1748470019912-1 | Symbol: XAUUSD | Aktion: KAUFEN
=== CoreFlow SignalEmitter ===
Redis: 127.0.0.1:6379
Stream: trading_signals
✅ Redis-Verbindung erfolgreich
📤 Stream-Signal gesendet | ID: 1748470025196-0 | Symbol: EURUSD | Aktion: KAUFEN
📤 Stream-Signal gesendet | ID: 1748470025197-0 | Symbol: GBPUSD | Aktion: VERKAUFEN
📤 Stream-Signal gesendet | ID: 1748470025197-1 | Symbol: XAUUSD | Aktion: KAUFEN
=== CoreFlow SignalEmitter ===
Redis: 127.0.0.1:6379
Stream: trading_signals
✅ Redis-Verbindung erfolgreich
📤 Stream-Signal gesendet | ID: 1748470106610-0 | Symbol: EURUSD | Aktion: KAUFEN
📤 Stream-Signal gesendet | ID: 1748470106610-1 | Symbol: GBPUSD | Aktion: VERKAUFEN
📤 Stream-Signal gesendet | ID: 1748470106610-2 | Symbol: XAUUSD | Aktion: KAUFEN
=== CoreFlow SignalEmitter ===
Redis: 127.0.0.1:6379
Stream: trading_signals
✅ Redis-Verbindung erfolgreich
📤 Stream-Signal gesendet | ID: 1748470250449-0 | Symbol: EURUSD | Aktion: KAUFEN
📤 Stream-Signal gesendet | ID: 1748470250449-1 | Symbol: GBPUSD | Aktion: VERKAUFEN
📤 Stream-Signal gesendet | ID: 1748470250449-2 | Symbol: XAUUSD | Aktion: KAUFEN
=== CoreFlow SignalEmitter ===
Redis: 127.0.0.1:6379
Stream: trading_signals
✅ Redis-Verbindung erfolgreich
📤 Stream-Signal gesendet | ID: 1748471659050-0 | Symbol: EURUSD | Aktion: KAUFEN
📤 Stream-Signal gesendet | ID: 1748471659050-1 | Symbol: GBPUSD | Aktion: VERKAUFEN
📤 Stream-Signal gesendet | ID: 1748471659050-2 | Symbol: XAUUSD | Aktion: KAUFEN
✅ SignalEmitter bereit. Warte auf externe Trigger...
=== CoreFlow SignalEmitter ===
Redis: 127.0.0.1:6379
Stream: trading_signals
✅ Redis-Verbindung erfolgreich
📤 Stream-Signal gesendet | ID: 1748478557703-0 | Symbol: EURUSD | Aktion: KAUFEN
📤 Stream-Signal gesendet | ID: 1748478557703-1 | Symbol: GBPUSD | Aktion: VERKAUFEN
📤 Stream-Signal gesendet | ID: 1748478557703-2 | Symbol: XAUUSD | Aktion: KAUFEN
✅ SignalEmitter bereit. Warte auf externe Trigger...
