2025-05-15 03:50:52,352 | WARNING | Redis error (attempt 1/3): Error 111 connecting to 78.46.40.171:6379. Connection refused.
2025-05-15 03:50:53,354 | WARNING | Redis error (attempt 2/3): Error 111 connecting to 78.46.40.171:6379. Connection refused.
2025-05-15 03:50:54,355 | WARNING | Redis error (attempt 3/3): Error 111 connecting to 78.46.40.171:6379. Connection refused.
2025-05-15 03:50:54,355 | ERROR | ❌ Failed to send signal after multiple attempts
2025-05-15 03:52:48,399 | WARNING | Redis error (attempt 1/3): Error 111 connecting to 78.46.40.171:6379. Connection refused.
2025-05-15 03:52:49,400 | WARNING | Redis error (attempt 2/3): Error 111 connecting to 78.46.40.171:6379. Connection refused.
2025-05-15 03:52:50,401 | WARNING | Redis error (attempt 3/3): Error 111 connecting to 78.46.40.171:6379. Connection refused.
2025-05-15 03:52:50,402 | ERROR | ❌ Failed to send signal after multiple attempts
2025-05-15 03:58:01,774 | WARNING | Redis error (attempt 1/3): Error 111 connecting to 78.46.40.171:6379. Connection refused.
2025-05-15 03:58:02,775 | WARNING | Redis error (attempt 2/3): Error 111 connecting to 78.46.40.171:6379. Connection refused.
2025-05-15 03:58:03,776 | WARNING | Redis error (attempt 3/3): Error 111 connecting to 78.46.40.171:6379. Connection refused.
2025-05-15 03:58:03,777 | ERROR | ❌ Failed to send signal after multiple attempts
2025-05-15 04:01:33,228 | WARNING | Redis error (attempt 1/3): Error 111 connecting to 78.46.40.171:6379. Connection refused.
2025-05-15 04:01:34,229 | WARNING | Redis error (attempt 2/3): Error 111 connecting to 78.46.40.171:6379. Connection refused.
2025-05-15 04:01:35,231 | WARNING | Redis error (attempt 3/3): Error 111 connecting to 78.46.40.171:6379. Connection refused.
2025-05-15 04:01:35,231 | ERROR | ❌ Failed to send signal after multiple attempts
2025-05-15 04:06:06,148 | WARNING | Redis error (attempt 1/3): Error 111 connecting to 78.46.40.171:6379. Connection refused.
2025-05-15 04:06:07,149 | WARNING | Redis error (attempt 2/3): Error 111 connecting to 78.46.40.171:6379. Connection refused.
2025-05-15 04:06:08,151 | WARNING | Redis error (attempt 3/3): Error 111 connecting to 78.46.40.171:6379. Connection refused.
2025-05-15 04:06:08,151 | ERROR | ❌ Failed to send signal after multiple attempts
2025-05-15 04:10:34,681 | WARNING | Redis error (attempt 1/3): Error 111 connecting to 78.46.40.171:6379. Connection refused.
2025-05-15 04:10:35,683 | WARNING | Redis error (attempt 2/3): Error 111 connecting to 78.46.40.171:6379. Connection refused.
2025-05-15 04:10:36,684 | WARNING | Redis error (attempt 3/3): Error 111 connecting to 78.46.40.171:6379. Connection refused.
2025-05-15 04:10:36,685 | ERROR | ❌ Failed to send signal after multiple attempts
2025-05-15 04:10:55,057 | WARNING | Redis error (attempt 1/3): Error 111 connecting to 78.46.40.171:6379. Connection refused.
2025-05-15 04:10:56,058 | WARNING | Redis error (attempt 2/3): Error 111 connecting to 78.46.40.171:6379. Connection refused.
2025-05-15 04:10:57,060 | WARNING | Redis error (attempt 3/3): Error 111 connecting to 78.46.40.171:6379. Connection refused.
2025-05-15 04:10:57,060 | ERROR | ❌ Failed to send signal after multiple attempts
2025-05-15 04:17:30,429 | WARNING | Redis error (attempt 1/3): Error 111 connecting to 78.46.40.171:6379. Connection refused.
2025-05-15 04:17:31,431 | WARNING | Redis error (attempt 2/3): Error 111 connecting to 78.46.40.171:6379. Connection refused.
2025-05-15 04:17:32,432 | WARNING | Redis error (attempt 3/3): Error 111 connecting to 78.46.40.171:6379. Connection refused.
2025-05-15 04:17:32,432 | ERROR | ❌ Failed to send signal after multiple attempts
2025-05-15 04:26:04,261 | INFO | 📩 Signal sent: {'version': '1.0', 'symbol': 'EURUSD', 'action': 'BUY', 'price': 1.105, 'timestamp': '2025-05-15T02:26:04.260604Z', 'source': 'signal_emitter', 'ftmo_compliant': True}
2025-05-15 04:30:16,913 | INFO | 📩 Signal sent: {'version': '1.0', 'symbol': 'EURUSD', 'action': 'BUY', 'price': 1.105, 'timestamp': '2025-05-15T02:30:16.912615Z', 'source': 'signal_emitter', 'ftmo_compliant': True}
2025-05-15 04:56:14,778 | WARNING | Redis error (attempt 1/3): Error 111 connecting to 78.46.40.171:6379. Connection refused.
2025-05-15 04:56:15,779 | WARNING | Redis error (attempt 2/3): Error 111 connecting to 78.46.40.171:6379. Connection refused.
2025-05-15 04:56:16,781 | WARNING | Redis error (attempt 3/3): Error 111 connecting to 78.46.40.171:6379. Connection refused.
2025-05-15 04:56:16,781 | ERROR | ❌ Failed to send signal after multiple attempts
2025-05-15 04:59:12,303 | WARNING | Redis error (attempt 1/3): Error 111 connecting to 78.46.40.171:6379. Connection refused.
2025-05-15 04:59:13,305 | WARNING | Redis error (attempt 2/3): Error 111 connecting to 78.46.40.171:6379. Connection refused.
2025-05-15 04:59:14,306 | WARNING | Redis error (attempt 3/3): Error 111 connecting to 78.46.40.171:6379. Connection refused.
2025-05-15 04:59:14,306 | ERROR | ❌ Failed to send signal after multiple attempts
2025-05-15 05:02:40,803 | INFO | 📩 Signal sent: {'version': '1.0', 'symbol': 'EURUSD', 'action': 'BUY', 'price': 1.105, 'timestamp': '2025-05-15T03:02:40.670593Z', 'source': 'signal_emitter', 'ftmo_compliant': True}
2025-05-15 05:06:12,287 | INFO | 📩 Signal sent: {'version': '1.0', 'symbol': 'EURUSD', 'action': 'BUY', 'price': 1.105, 'timestamp': '2025-05-15T03:06:12.154299Z', 'source': 'signal_emitter', 'ftmo_compliant': True}
2025-05-15 05:06:47,033 | INFO | 📩 Signal sent: {'version': '1.0', 'symbol': 'EURUSD', 'action': 'BUY', 'price': 1.105, 'timestamp': '2025-05-15T03:06:46.944209Z', 'source': 'signal_emitter', 'ftmo_compliant': True}
2025-05-15 05:09:28,165 | INFO | 📩 Signal sent: {'version': '1.0', 'symbol': 'EURUSD', 'action': 'BUY', 'price': 1.105, 'timestamp': '2025-05-15T03:09:28.032011Z', 'source': 'signal_emitter', 'ftmo_compliant': True}
2025-05-15 05:21:51,709 | INFO | 📩 Signal sent: {'version': '1.0', 'symbol': 'EURUSD', 'action': 'BUY', 'price': 1.105, 'timestamp': '2025-05-15T03:21:51.575707+00:00', 'source': 'signal_emitter', 'ftmo_compliant': True}
2025-05-15 05:23:18,836 | INFO | 📩 Signal sent: {'version': '1.0', 'symbol': 'EURUSD', 'action': 'BUY', 'price': 1.105, 'timestamp': '2025-05-15T03:23:18.747671+00:00', 'source': 'signal_emitter', 'ftmo_compliant': True}
2025-05-15 05:25:31,069 | INFO | 📩 Signal sent: {'version': '1.0', 'symbol': 'EURUSD', 'action': 'BUY', 'price': 1.105, 'timestamp': '2025-05-15T03:25:30.935622+00:00', 'source': 'signal_emitter', 'ftmo_compliant': True}
2025-05-15 05:41:00,845 | INFO | 📩 Signal sent: {'version': '1.0', 'symbol': 'EURUSD', 'action': 'BUY', 'price': 1.105, 'timestamp': '2025-05-15T03:41:00.712337+00:00', 'source': 'signal_emitter', 'ftmo_compliant': True}
2025-05-15 05:41:01,067 | INFO | 📩 Signal sent: {'version': '1.0', 'symbol': 'EURUSD', 'action': 'HOLD', 'price': 1.105, 'timestamp': '2025-05-15T03:41:00.934207+00:00', 'source': 'signal_emitter', 'ftmo_compliant': True}
2025-05-15 17:56:44,203 | INFO | 📩 Signal sent: {'version': '1.0', 'symbol': 'EURUSD', 'action': 'BUY', 'price': 1.105, 'timestamp': '2025-05-15T15:56:44.069248+00:00', 'source': 'signal_emitter', 'ftmo_compliant': True}
2025-05-15 18:08:29,304 | INFO | 📩 Signal sent: {'version': '1.0', 'symbol': 'EURUSD', 'action': 'BUY', 'price': 1.105, 'timestamp': '2025-05-15T16:08:29.215287+00:00', 'source': 'signal_emitter', 'ftmo_compliant': True}
2025-05-15 18:54:33,850 - INFO - Signal Emitter started
2025-05-15 18:54:33,850 - INFO - Emitted signal: 1747328073_0
2025-05-15 18:54:43,851 - INFO - Emitted signal: 1747328083_1
2025-05-15 18:54:53,852 - INFO - Emitted signal: 1747328093_2
2025-05-15 18:55:03,853 - INFO - Emitted signal: 1747328103_3
2025-05-15 18:55:13,854 - INFO - Emitted signal: 1747328113_4
2025-05-15 18:55:23,855 - INFO - Emitted signal: 1747328123_5
2025-05-15 18:55:33,856 - INFO - Emitted signal: 1747328133_6
2025-05-15 18:55:43,857 - INFO - Emitted signal: 1747328143_7
2025-05-15 18:55:53,858 - INFO - Emitted signal: 1747328153_8
2025-05-15 18:56:03,859 - INFO - Emitted signal: 1747328163_9
2025-05-15 18:56:13,860 - INFO - Emitted signal: 1747328173_10
2025-05-15 18:56:23,861 - INFO - Emitted signal: 1747328183_11
2025-05-15 18:56:33,862 - INFO - Emitted signal: 1747328193_12
2025-05-15 18:56:43,863 - INFO - Emitted signal: 1747328203_13
2025-05-15 18:56:53,864 - INFO - Emitted signal: 1747328213_14
2025-05-15 18:57:03,865 - INFO - Emitted signal: 1747328223_15
2025-05-15 18:57:13,867 - INFO - Emitted signal: 1747328233_16
2025-05-15 18:57:23,868 - INFO - Emitted signal: 1747328243_17
2025-05-15 18:57:33,869 - INFO - Emitted signal: 1747328253_18
2025-05-15 18:57:43,870 - INFO - Emitted signal: 1747328263_19
2025-05-15 18:57:53,871 - INFO - Emitted signal: 1747328273_20
2025-05-15 18:58:03,872 - INFO - Emitted signal: 1747328283_21
2025-05-15 18:58:13,873 - INFO - Emitted signal: 1747328293_22
2025-05-15 18:58:20,570 - INFO - Signal Emitter stopped
2025-05-15 19:18:37,541 - INFO - Signal Emitter started
2025-05-15 19:18:37,541 - INFO - Emitted signal: 1747329517_0
2025-05-15 19:18:47,542 - INFO - Emitted signal: 1747329527_1
2025-05-15 19:18:57,543 - INFO - Emitted signal: 1747329537_2
2025-05-15 19:19:07,544 - INFO - Emitted signal: 1747329547_3
2025-05-15 19:19:17,545 - INFO - Emitted signal: 1747329557_4
2025-05-15 19:19:27,546 - INFO - Emitted signal: 1747329567_5
2025-05-15 19:19:37,547 - INFO - Emitted signal: 1747329577_6
2025-05-15 19:19:47,548 - INFO - Emitted signal: 1747329587_7
2025-05-15 19:19:57,549 - INFO - Emitted signal: 1747329597_8
2025-05-15 19:20:07,551 - INFO - Emitted signal: 1747329607_9
2025-05-15 19:20:17,552 - INFO - Emitted signal: 1747329617_10
2025-05-15 19:20:27,553 - INFO - Emitted signal: 1747329627_11
2025-05-15 19:20:37,554 - INFO - Emitted signal: 1747329637_12
2025-05-15 19:20:40,197 - INFO - Signal Emitter stopped
2025-05-16 19:24:57,895 - INFO - Signal Emitter started
2025-05-16 19:24:57,895 - INFO - Emitted signal: 1747416297_0
2025-05-16 19:25:07,896 - INFO - Emitted signal: 1747416307_1
2025-05-16 19:25:17,897 - INFO - Emitted signal: 1747416317_2
2025-05-16 19:25:27,898 - INFO - Emitted signal: 1747416327_3
2025-05-16 19:25:37,899 - INFO - Emitted signal: 1747416337_4
2025-05-16 19:25:47,901 - INFO - Emitted signal: 1747416347_5
2025-05-16 19:25:57,902 - INFO - Emitted signal: 1747416357_6
2025-05-16 19:26:07,903 - INFO - Emitted signal: 1747416367_7
2025-05-16 19:26:17,904 - INFO - Emitted signal: 1747416377_8
2025-05-16 19:26:27,905 - INFO - Emitted signal: 1747416387_9
2025-05-16 19:26:37,907 - INFO - Emitted signal: 1747416397_10
2025-05-16 19:26:47,908 - INFO - Emitted signal: 1747416407_11
2025-05-16 19:26:57,909 - INFO - Emitted signal: 1747416417_12
2025-05-16 19:27:07,910 - INFO - Emitted signal: 1747416427_13
2025-05-16 19:27:17,911 - INFO - Emitted signal: 1747416437_14
2025-05-16 19:27:27,913 - INFO - Emitted signal: 1747416447_15
2025-05-16 19:27:37,914 - INFO - Emitted signal: 1747416457_16
2025-05-16 19:27:47,915 - INFO - Emitted signal: 1747416467_17
2025-05-16 19:27:57,916 - INFO - Emitted signal: 1747416477_18
2025-05-16 19:28:07,917 - INFO - Emitted signal: 1747416487_19
2025-05-16 19:28:17,918 - INFO - Emitted signal: 1747416497_20
2025-05-16 19:28:27,919 - INFO - Emitted signal: 1747416507_21
2025-05-16 19:28:37,921 - INFO - Emitted signal: 1747416517_22
2025-05-16 19:28:47,922 - INFO - Emitted signal: 1747416527_23
2025-05-16 19:28:57,923 - INFO - Emitted signal: 1747416537_24
2025-05-16 19:29:07,924 - INFO - Emitted signal: 1747416547_25
2025-05-16 19:29:17,925 - INFO - Emitted signal: 1747416557_26
2025-05-16 19:29:27,926 - INFO - Emitted signal: 1747416567_27
2025-05-16 19:29:30,718 - INFO - Signal Emitter stopped
2025-05-16 19:33:19,432 - INFO - Signal Emitter started
2025-05-16 19:33:19,433 - INFO - Emitted signal: 1747416799_0
2025-05-16 19:33:29,434 - INFO - Emitted signal: 1747416809_1
2025-05-16 19:33:37,003 - INFO - Signal Emitter stopped
2025-05-25 22:10:55,498 - INFO - Signal Emitter started
2025-05-25 22:10:55,498 - INFO - Emitted signal: 1748203855_0
2025-05-25 22:11:05,499 - INFO - Emitted signal: 1748203865_1
2025-05-25 22:11:15,500 - INFO - Emitted signal: 1748203875_2
2025-05-25 22:11:25,501 - INFO - Emitted signal: 1748203885_3
2025-05-25 22:11:35,502 - INFO - Emitted signal: 1748203895_4
2025-05-25 22:11:45,503 - INFO - Emitted signal: 1748203905_5
2025-05-25 22:11:55,505 - INFO - Emitted signal: 1748203915_6
2025-05-25 22:12:05,506 - INFO - Emitted signal: 1748203925_7
2025-05-25 22:12:15,506 - INFO - Emitted signal: 1748203935_8
2025-05-25 22:12:25,508 - INFO - Emitted signal: 1748203945_9
2025-05-25 22:12:35,509 - INFO - Emitted signal: 1748203955_10
2025-05-25 22:12:45,510 - INFO - Emitted signal: 1748203965_11
2025-05-25 22:12:48,937 - INFO - Signal Emitter stopped
2025-05-25 23:01:00,118 - INFO - Signal Emitter started
2025-05-25 23:01:00,118 - INFO - Emitted signal: 1748206860_0
2025-05-25 23:01:10,119 - INFO - Emitted signal: 1748206870_1
2025-05-25 23:01:20,120 - INFO - Emitted signal: 1748206880_2
2025-05-25 23:01:30,121 - INFO - Emitted signal: 1748206890_3
2025-05-25 23:01:40,012 - INFO - Signal Emitter stopped
2025-05-25 23:01:42,134 - INFO - Signal Emitter started
2025-05-25 23:01:42,134 - INFO - Emitted signal: 1748206902_0
2025-05-25 23:01:52,135 - INFO - Emitted signal: 1748206912_1
2025-05-25 23:02:02,136 - INFO - Emitted signal: 1748206922_2
2025-05-25 23:02:12,137 - INFO - Emitted signal: 1748206932_3
2025-05-25 23:02:22,138 - INFO - Emitted signal: 1748206942_4
2025-05-25 23:02:32,139 - INFO - Emitted signal: 1748206952_5
2025-05-25 23:02:42,139 - INFO - Emitted signal: 1748206962_6
2025-05-25 23:02:52,140 - INFO - Emitted signal: 1748206972_7
2025-05-25 23:03:02,141 - INFO - Emitted signal: 1748206982_8
2025-05-25 23:03:12,142 - INFO - Emitted signal: 1748206992_9
2025-05-25 23:03:22,143 - INFO - Emitted signal: 1748207002_10
2025-05-25 23:03:32,144 - INFO - Emitted signal: 1748207012_11
2025-05-25 23:03:39,369 - INFO - Signal Emitter stopped
2025-05-25 23:48:26,185 - INFO - Signal Emitter started
2025-05-25 23:48:26,185 - INFO - Emitted signal: 1748209706_0
2025-05-25 23:48:36,186 - INFO - Emitted signal: 1748209716_1
2025-05-25 23:48:46,187 - INFO - Emitted signal: 1748209726_2
2025-05-25 23:48:56,189 - INFO - Emitted signal: 1748209736_3
2025-05-25 23:49:06,190 - INFO - Emitted signal: 1748209746_4
2025-05-25 23:49:16,191 - INFO - Emitted signal: 1748209756_5
2025-05-25 23:49:26,192 - INFO - Emitted signal: 1748209766_6
2025-05-25 23:49:29,831 - INFO - Signal Emitter stopped
2025-05-26 00:24:37,224 | CRITICAL | CoreFlow-Emitter | System Failure: replace() argument 1 must be str, not None | [signal_emitter.py:59]
2025-05-26 00:42:40,126 | CRITICAL | CoreFlow-Emitter | System Failure: replace() argument 1 must be str, not None | [signal_emitter.py:59]
2025-05-26 00:49:46,870 | CRITICAL | CoreFlow-Emitter | System Failure: replace() argument 1 must be str, not None | [signal_emitter.py:59]
2025-05-28 23:31:46,008 | INFO | 📢 Signal gesendet: EURUSD BUY (0.2 Lot)
2025-05-29 03:42:02,871 | INFO | 📢 Signal gesendet: EURUSD BUY (0.2 Lot)
2025-05-29 03:43:14,573 | INFO | 📢 Signal gesendet: EURUSD BUY (0.2 Lot)
2025-05-29 03:44:24,220 | INFO | 📢 Signal gesendet: EURUSD BUY (0.2 Lot)
